org.cryptoapi.bench.predictableseeds.PredictableSeedsABPSCase1
org.cryptoapi.bench.brokencrypto.BrokenCryptoABPSCase1
org.cryptoapi.bench.brokencrypto.BrokenCryptoABPSCase2
org.cryptoapi.bench.brokencrypto.BrokenCryptoABPSCase3
org.cryptoapi.bench.brokencrypto.BrokenCryptoABPSCase4
org.cryptoapi.bench.brokencrypto.BrokenCryptoABPSCase5
org.cryptoapi.bench.brokenhash.BrokenHashABPSCase1
org.cryptoapi.bench.brokenhash.BrokenHashABPSCase2
org.cryptoapi.bench.brokenhash.BrokenHashABPSCase3
org.cryptoapi.bench.brokenhash.BrokenHashABPSCase4
org.cryptoapi.bench.ecbcrypto.EcbInSymmCryptoABPSCase1
org.cryptoapi.bench.insecureasymmetriccrypto.InsecureAsymmetricCipherABPSCase1
org.cryptoapi.bench.pbeiteration.LessThan1000IterationPBEABPSCase1
org.cryptoapi.bench.predictablekeystorepassword.PredictableKeyStorePasswordABPSCase1
org.cryptoapi.bench.predictablepbepassword.PredictablePBEPasswordABPSCase1
org.cryptoapi.bench.staticsalts.StaticSaltsABPSCase1
org.cryptoapi.bench.predictablecryptographickey.PredictableCryptographicKeyABPSCase1
TestRunner501
org.cryptoapi.bench.brokencrypto.BrokenCryptoABICase1
org.cryptoapi.bench.brokencrypto.BrokenCryptoABICase10
org.cryptoapi.bench.brokencrypto.BrokenCryptoABICase11
org.cryptoapi.bench.brokencrypto.BrokenCryptoABICase12
org.cryptoapi.bench.brokencrypto.BrokenCryptoABICase13
org.cryptoapi.bench.brokencrypto.BrokenCryptoABICase14
org.cryptoapi.bench.brokencrypto.BrokenCryptoABICase15
org.cryptoapi.bench.brokencrypto.BrokenCryptoABICase2
org.cryptoapi.bench.brokencrypto.BrokenCryptoABICase3
org.cryptoapi.bench.brokencrypto.BrokenCryptoABICase4
org.cryptoapi.bench.brokencrypto.BrokenCryptoABICase5
org.cryptoapi.bench.brokencrypto.BrokenCryptoABICase6
org.cryptoapi.bench.brokencrypto.BrokenCryptoABICase7
org.cryptoapi.bench.brokencrypto.BrokenCryptoABICase8
org.cryptoapi.bench.brokencrypto.BrokenCryptoABICase9
org.cryptoapi.bench.brokencrypto.BrokenCryptoABMC1
org.cryptoapi.bench.brokencrypto.BrokenCryptoABMC2
org.cryptoapi.bench.brokencrypto.BrokenCryptoABMC3
org.cryptoapi.bench.brokencrypto.BrokenCryptoABMC4
org.cryptoapi.bench.brokencrypto.BrokenCryptoABMC5
org.cryptoapi.bench.brokencrypto.BrokenCryptoABMCCase1
org.cryptoapi.bench.brokencrypto.BrokenCryptoABMCCase2
org.cryptoapi.bench.brokencrypto.BrokenCryptoABMCCase3
org.cryptoapi.bench.brokencrypto.BrokenCryptoABMCCase4
org.cryptoapi.bench.brokencrypto.BrokenCryptoABMCCase5
org.cryptoapi.bench.brokencrypto.BrokenCryptoABSCase1
org.cryptoapi.bench.brokencrypto.Crypto2
org.cryptoapi.bench.brokencrypto.BrokenCryptoABSCase2
org.cryptoapi.bench.brokencrypto.Crypto3
org.cryptoapi.bench.brokencrypto.BrokenCryptoABSCase3
org.cryptoapi.bench.brokencrypto.Crypto4
org.cryptoapi.bench.brokencrypto.BrokenCryptoABSCase4
org.cryptoapi.bench.brokencrypto.Crypto5
org.cryptoapi.bench.brokencrypto.BrokenCryptoABSCase5
org.cryptoapi.bench.brokencrypto.Crypto6
org.cryptoapi.bench.brokencrypto.BrokenCryptoBBCase1
org.cryptoapi.bench.brokencrypto.BrokenCryptoBBCase2
org.cryptoapi.bench.brokencrypto.BrokenCryptoBBCase3
org.cryptoapi.bench.brokencrypto.BrokenCryptoBBCase4
org.cryptoapi.bench.brokencrypto.BrokenCryptoBBCase5
org.cryptoapi.bench.brokencrypto.BrokenCryptoCorrected
org.cryptoapi.bench.brokenhash.BrokenHashABICase1
org.cryptoapi.bench.brokenhash.BrokenHashABICase10
org.cryptoapi.bench.brokenhash.BrokenHashABICase11
org.cryptoapi.bench.brokenhash.BrokenHashABICase12
org.cryptoapi.bench.brokenhash.BrokenHashABICase2
org.cryptoapi.bench.brokenhash.BrokenHashABICase3
org.cryptoapi.bench.brokenhash.BrokenHashABICase4
org.cryptoapi.bench.brokenhash.BrokenHashABICase5
org.cryptoapi.bench.brokenhash.BrokenHashABICase6
org.cryptoapi.bench.brokenhash.BrokenHashABICase7
org.cryptoapi.bench.brokenhash.BrokenHashABICase8
org.cryptoapi.bench.brokenhash.BrokenHashABICase9
org.cryptoapi.bench.brokenhash.BrokenHashABMC1
org.cryptoapi.bench.brokenhash.BrokenHashABMC2
org.cryptoapi.bench.brokenhash.BrokenHashABMC3
org.cryptoapi.bench.brokenhash.BrokenHashABMC4
org.cryptoapi.bench.brokenhash.BrokenHashABMCCase1
org.cryptoapi.bench.brokenhash.BrokenHashABMCCase2
org.cryptoapi.bench.brokenhash.BrokenHashABMCCase3
org.cryptoapi.bench.brokenhash.BrokenHashABMCCase4
org.cryptoapi.bench.brokenhash.BrokenHashABSCase1
org.cryptoapi.bench.brokenhash.CryptoHash1
org.cryptoapi.bench.brokenhash.BrokenHashABSCase2
org.cryptoapi.bench.brokenhash.CryptoHash2
org.cryptoapi.bench.brokenhash.BrokenHashABSCase3
org.cryptoapi.bench.brokenhash.CryptoHash3
org.cryptoapi.bench.brokenhash.BrokenHashABSCase4
org.cryptoapi.bench.brokenhash.CryptoHash4
org.cryptoapi.bench.brokenhash.BrokenHashBBCase1
org.cryptoapi.bench.brokenhash.BrokenHashBBCase2
org.cryptoapi.bench.brokenhash.BrokenHashBBCase3
org.cryptoapi.bench.brokenhash.BrokenHashBBCase4
org.cryptoapi.bench.brokenhash.BrokenHashCorrected
org.cryptoapi.bench.dummycertvalidation.DummyCertValidationCase1
org.cryptoapi.bench.dummycertvalidation.DummyCertValidationCase2
org.cryptoapi.bench.dummycertvalidation.DummyCertValidationCase3
org.cryptoapi.bench.dummyhostnameverifier.DummyHostNameVerifierCase1
org.cryptoapi.bench.dummyhostnameverifier.DummyHostNameVerifierCorrected
org.cryptoapi.bench.ecbcrypto.EcbInSymmCryptoABICase1
org.cryptoapi.bench.ecbcrypto.EcbInSymmCryptoABICase2
org.cryptoapi.bench.ecbcrypto.EcbInSymmCryptoABICase3
org.cryptoapi.bench.ecbcrypto.EcbInSymmCryptoABMC1
org.cryptoapi.bench.ecbcrypto.EcbInSymmCryptoABMCCase1
org.cryptoapi.bench.ecbcrypto.EcbInSymmCryptoABSCase1
org.cryptoapi.bench.ecbcrypto.CryptoECB1
org.cryptoapi.bench.ecbcrypto.EcbInSymmCryptoBBCase1
org.cryptoapi.bench.ecbcrypto.EcbInSymmCryptoCorrected
org.cryptoapi.bench.http.HttpProtocolABICase1
org.cryptoapi.bench.http.HttpProtocolABICase2
org.cryptoapi.bench.http.HttpProtocolABICase3
org.cryptoapi.bench.http.HttpProtocolABMC1
org.cryptoapi.bench.http.HttpProtocolABMCCase1
org.cryptoapi.bench.http.HttpProtocolABSCase1
org.cryptoapi.bench.http.CryptoHTTP1
org.cryptoapi.bench.http.HttpProtocolBBCase1
org.cryptoapi.bench.http.HttpProtocolCase1Corrected
org.cryptoapi.bench.http.HttpProtocolCase2Corrected
org.cryptoapi.bench.impropersslsocketfactory.ImproperSocketManualHostABICase1
org.cryptoapi.bench.impropersslsocketfactory.ImproperSocketManualHostABICase2
org.cryptoapi.bench.impropersslsocketfactory.ImproperSocketManualHostABSCase1
org.cryptoapi.bench.impropersslsocketfactory.CryptoImproperSocketManualHostname1
org.cryptoapi.bench.impropersslsocketfactory.ImproperSocketManualHostBBCase1
org.cryptoapi.bench.insecureasymmetriccrypto.InsecureAsymmetricCipherABICase1
org.cryptoapi.bench.insecureasymmetriccrypto.InsecureAsymmetricCipherABICase2
org.cryptoapi.bench.insecureasymmetriccrypto.InsecureAsymmetricCipherABICase3
org.cryptoapi.bench.insecureasymmetriccrypto.InsecureAsymmetricCipherABMC1
org.cryptoapi.bench.insecureasymmetriccrypto.InsecureAsymmetricCipherABMCCase1
org.cryptoapi.bench.insecureasymmetriccrypto.InsecureAsymmetricCipherBBCase1
org.cryptoapi.bench.pbeiteration.LessThan1000IterationPBEABHCase1
org.cryptoapi.bench.pbeiteration.LessThan1000IterationPBEABICase1
org.cryptoapi.bench.pbeiteration.LessThan1000IterationPBEABICase2
org.cryptoapi.bench.pbeiteration.LessThan1000IterationPBEABICase3
org.cryptoapi.bench.pbeiteration.LessThan1000IterationPBEABMC1
org.cryptoapi.bench.pbeiteration.LessThan1000IterationPBEABMCCase1
org.cryptoapi.bench.pbeiteration.LessThan1000IterationPBEABSCase1
org.cryptoapi.bench.pbeiteration.CryptoPBEIteration1
org.cryptoapi.bench.pbeiteration.LessThan1000IterationPBEBBCase1
org.cryptoapi.bench.pbeiteration.LessThan1000IterationPBECorrected
org.cryptoapi.bench.predictablecryptographickey.PredictableCryptographicKeyABHCase1
org.cryptoapi.bench.predictablecryptographickey.PredictableCryptographicKeyABHCase2
org.cryptoapi.bench.predictablecryptographickey.PredictableCryptographicKeyABICase1
org.cryptoapi.bench.predictablecryptographickey.PredictableCryptographicKeyABICase2
org.cryptoapi.bench.predictablecryptographickey.PredictableCryptographicKeyABICase3
org.cryptoapi.bench.predictablecryptographickey.PredictableCryptographicKeyABMC1
org.cryptoapi.bench.predictablecryptographickey.PredictableCryptographicKeyABMCCase1
org.cryptoapi.bench.predictablecryptographickey.PredictableCryptographicKeyABSCase1
org.cryptoapi.bench.predictablecryptographickey.Crypto
org.cryptoapi.bench.predictablecryptographickey.PredictableCryptographicKeyBBCase1
org.cryptoapi.bench.predictablecryptographickey.PredictableCryptographicKeyCorrected
org.cryptoapi.bench.predictablekeystorepassword.PredictableKeyStorePasswordABHCase2
org.cryptoapi.bench.predictablekeystorepassword.PredictableKeyStorePasswordABICase1
org.cryptoapi.bench.predictablekeystorepassword.PredictableKeyStorePasswordABICase2
org.cryptoapi.bench.predictablekeystorepassword.PredictableKeyStorePasswordABICase3
org.cryptoapi.bench.predictablekeystorepassword.PredictableKeyStorePasswordABMC1
org.cryptoapi.bench.predictablekeystorepassword.PredictableKeyStorePasswordABMCCase1
org.cryptoapi.bench.predictablekeystorepassword.PredictableKeyStorePasswordABSCase1
org.cryptoapi.bench.predictablekeystorepassword.CryptoPredictableKeyStorePassword1
org.cryptoapi.bench.predictablekeystorepassword.PredictableKeyStorePasswordBBCase1
org.cryptoapi.bench.predictablekeystorepassword.PredictableKeyStorePasswordCorrected
org.cryptoapi.bench.predictablepbepassword.PredictablePBEPasswordABHCase2
org.cryptoapi.bench.predictablepbepassword.PredictablePBEPasswordABICase1
org.cryptoapi.bench.predictablepbepassword.PredictablePBEPasswordABICase2
org.cryptoapi.bench.predictablepbepassword.PredictablePBEPasswordABICase3
org.cryptoapi.bench.predictablepbepassword.PredictablePBEPasswordABMC1
org.cryptoapi.bench.predictablepbepassword.PredictablePBEPasswordABMCCase1
org.cryptoapi.bench.predictablepbepassword.PredictablePBEPasswordABSCase1
org.cryptoapi.bench.predictablepbepassword.CryptoPredictablePBE
org.cryptoapi.bench.predictablepbepassword.PredictablePBEPasswordBBCase1
org.cryptoapi.bench.predictablepbepassword.PredictablePBEPasswordBBCase2
org.cryptoapi.bench.predictablepbepassword.PredictablePBEPasswordCorrected
org.cryptoapi.bench.predictableseeds.PredictableSeedsABHCase2
org.cryptoapi.bench.predictableseeds.PredictableSeedsABHCase4
org.cryptoapi.bench.predictableseeds.PredictableSeedsABICase1
org.cryptoapi.bench.predictableseeds.PredictableSeedsABICase2
org.cryptoapi.bench.predictableseeds.PredictableSeedsABICase3
org.cryptoapi.bench.predictableseeds.PredictableSeedsABICase4
org.cryptoapi.bench.predictableseeds.PredictableSeedsABICase5
org.cryptoapi.bench.predictableseeds.PredictableSeedsABICase6
org.cryptoapi.bench.predictableseeds.PredictableSeedsABMC1
org.cryptoapi.bench.predictableseeds.PredictableSeedsABMC2
org.cryptoapi.bench.predictableseeds.PredictableSeedsABMCCase1
org.cryptoapi.bench.predictableseeds.PredictableSeedsABMCCase2
org.cryptoapi.bench.predictableseeds.PredictableSeedsABSCase1
org.cryptoapi.bench.predictableseeds.CryptoPredictableSeed1
org.cryptoapi.bench.predictableseeds.PredictableSeedsABSCase2
org.cryptoapi.bench.predictableseeds.CryptoPredictableSeed2
org.cryptoapi.bench.predictableseeds.PredictableSeedsBBCase1
org.cryptoapi.bench.predictableseeds.PredictableSeedsBBCase2
org.cryptoapi.bench.predictableseeds.PredictableSeedsCorrected
org.cryptoapi.bench.staticinitializationvector.StaticInitializationVectorABHCase1
org.cryptoapi.bench.staticinitializationvector.StaticInitializationVectorABHCase2
org.cryptoapi.bench.staticinitializationvector.StaticInitializationVectorABICase1
org.cryptoapi.bench.staticinitializationvector.StaticInitializationVectorABICase2
org.cryptoapi.bench.staticinitializationvector.StaticInitializationVectorABICase3
org.cryptoapi.bench.staticinitializationvector.StaticInitializationVectorABMC1
org.cryptoapi.bench.staticinitializationvector.StaticInitializationVectorABMCCase1
org.cryptoapi.bench.staticinitializationvector.StaticInitializationVectorABSCase1
org.cryptoapi.bench.staticinitializationvector.CryptoStaticIV1
org.cryptoapi.bench.staticinitializationvector.StaticInitializationVectorBBCase1
org.cryptoapi.bench.staticinitializationvector.StaticInitializationVectorCorrected
org.cryptoapi.bench.staticsalts.StaticSaltsABHCase1
org.cryptoapi.bench.staticsalts.StaticSaltsABICase1
org.cryptoapi.bench.staticsalts.StaticSaltsABICase2
org.cryptoapi.bench.staticsalts.StaticSaltsABICase3
org.cryptoapi.bench.staticsalts.StaticSaltsABMC1
org.cryptoapi.bench.staticsalts.StaticSaltsABMCCase1
org.cryptoapi.bench.staticsalts.StaticSaltsABSCase1
org.cryptoapi.bench.staticsalts.CryptoStaticSalt1
org.cryptoapi.bench.staticsalts.StaticSaltsBBCase1
org.cryptoapi.bench.staticsalts.StaticSaltsCorrected
org.cryptoapi.bench.untrustedprng.UntrustedPRNGCase1
org.cryptoapi.bench.untrustedprng.UntrustedPRNGCorrected
org.cryptoapi.bench.brokencrypto.BrokenCryptoABICase500